[23-Mar-2018 15:21:21 Europe/Moscow] PHP Warning:  stripslashes() expects parameter 1 to be string, array given in /home/httpd/vhosts/belteplicy.ru/httpdocs/calculator/mail.php on line 27
[23-Mar-2018 15:21:21 Europe/Moscow] PHP Warning:  stripslashes() expects parameter 1 to be string, array given in /home/httpd/vhosts/belteplicy.ru/httpdocs/calculator/mail.php on line 50
[23-Mar-2018 15:21:21 Europe/Moscow] PHP Warning:  stripslashes() expects parameter 1 to be string, array given in /home/httpd/vhosts/belteplicy.ru/httpdocs/calculator/mail.php on line 58
[23-Mar-2018 15:21:21 Europe/Moscow] PHP Notice:  Undefined index: name in /home/httpd/vhosts/belteplicy.ru/httpdocs/calculator/leads.php on line 15
[23-Mar-2018 15:22:59 Europe/Moscow] PHP Warning:  stripslashes() expects parameter 1 to be string, array given in /home/httpd/vhosts/belteplicy.ru/httpdocs/calculator/mail.php on line 27
[23-Mar-2018 15:22:59 Europe/Moscow] PHP Warning:  stripslashes() expects parameter 1 to be string, array given in /home/httpd/vhosts/belteplicy.ru/httpdocs/calculator/mail.php on line 50
[23-Mar-2018 15:22:59 Europe/Moscow] PHP Warning:  stripslashes() expects parameter 1 to be string, array given in /home/httpd/vhosts/belteplicy.ru/httpdocs/calculator/mail.php on line 58
[23-Mar-2018 15:22:59 Europe/Moscow] PHP Notice:  Undefined index: name in /home/httpd/vhosts/belteplicy.ru/httpdocs/calculator/leads.php on line 15
[23-Mar-2018 15:52:19 Europe/Moscow] PHP Notice:  Undefined index: products in /home/httpd/vhosts/belteplicy.ru/httpdocs/calculator/mail.php on line 27
[23-Mar-2018 15:52:19 Europe/Moscow] PHP Notice:  Undefined index: dopolnitelno in /home/httpd/vhosts/belteplicy.ru/httpdocs/calculator/mail.php on line 50
[23-Mar-2018 15:52:19 Europe/Moscow] PHP Notice:  Undefined index: svyaz in /home/httpd/vhosts/belteplicy.ru/httpdocs/calculator/mail.php on line 58
[23-Mar-2018 15:52:19 Europe/Moscow] PHP Notice:  Undefined index: name in /home/httpd/vhosts/belteplicy.ru/httpdocs/calculator/leads.php on line 15
[24-Mar-2018 09:08:34 Europe/Moscow] PHP Warning:  stripslashes() expects parameter 1 to be string, array given in /home/httpd/vhosts/belteplicy.ru/httpdocs/calculator/mail.php on line 27
[24-Mar-2018 09:08:34 Europe/Moscow] PHP Warning:  stripslashes() expects parameter 1 to be string, array given in /home/httpd/vhosts/belteplicy.ru/httpdocs/calculator/mail.php on line 50
[24-Mar-2018 09:08:34 Europe/Moscow] PHP Warning:  stripslashes() expects parameter 1 to be string, array given in /home/httpd/vhosts/belteplicy.ru/httpdocs/calculator/mail.php on line 58
[24-Mar-2018 09:08:34 Europe/Moscow] PHP Notice:  Undefined index: name in /home/httpd/vhosts/belteplicy.ru/httpdocs/calculator/leads.php on line 15
[24-Mar-2018 10:37:08 Europe/Moscow] PHP Warning:  stripslashes() expects parameter 1 to be string, array given in /home/httpd/vhosts/belteplicy.ru/httpdocs/calculator/mail.php on line 27
[24-Mar-2018 10:37:08 Europe/Moscow] PHP Notice:  Undefined index: dopolnitelno in /home/httpd/vhosts/belteplicy.ru/httpdocs/calculator/mail.php on line 50
[24-Mar-2018 10:37:08 Europe/Moscow] PHP Warning:  stripslashes() expects parameter 1 to be string, array given in /home/httpd/vhosts/belteplicy.ru/httpdocs/calculator/mail.php on line 58
[24-Mar-2018 10:37:08 Europe/Moscow] PHP Notice:  Undefined index: name in /home/httpd/vhosts/belteplicy.ru/httpdocs/calculator/leads.php on line 15
[24-Mar-2018 12:25:25 Europe/Moscow] PHP Warning:  stripslashes() expects parameter 1 to be string, array given in /home/httpd/vhosts/belteplicy.ru/httpdocs/calculator/mail.php on line 27
[24-Mar-2018 12:25:25 Europe/Moscow] PHP Notice:  Undefined index: dopolnitelno in /home/httpd/vhosts/belteplicy.ru/httpdocs/calculator/mail.php on line 50
[24-Mar-2018 12:25:25 Europe/Moscow] PHP Notice:  Undefined index: svyaz in /home/httpd/vhosts/belteplicy.ru/httpdocs/calculator/mail.php on line 58
[24-Mar-2018 12:25:25 Europe/Moscow] PHP Notice:  Undefined index: name in /home/httpd/vhosts/belteplicy.ru/httpdocs/calculator/leads.php on line 15
[24-Mar-2018 13:19:35 Europe/Moscow] PHP Notice:  Undefined index: products in /home/httpd/vhosts/belteplicy.ru/httpdocs/calculator/mail.php on line 27
[24-Mar-2018 13:19:35 Europe/Moscow] PHP Warning:  stripslashes() expects parameter 1 to be string, array given in /home/httpd/vhosts/belteplicy.ru/httpdocs/calculator/mail.php on line 50
[24-Mar-2018 13:19:35 Europe/Moscow] PHP Warning:  stripslashes() expects parameter 1 to be string, array given in /home/httpd/vhosts/belteplicy.ru/httpdocs/calculator/mail.php on line 58
[24-Mar-2018 13:19:35 Europe/Moscow] PHP Notice:  Undefined index: name in /home/httpd/vhosts/belteplicy.ru/httpdocs/calculator/leads.php on line 15
[24-Mar-2018 13:45:49 Europe/Moscow] PHP Notice:  Undefined index: products in /home/httpd/vhosts/belteplicy.ru/httpdocs/calculator/mail.php on line 27
[24-Mar-2018 13:45:49 Europe/Moscow] PHP Warning:  stripslashes() expects parameter 1 to be string, array given in /home/httpd/vhosts/belteplicy.ru/httpdocs/calculator/mail.php on line 50
[24-Mar-2018 13:45:49 Europe/Moscow] PHP Notice:  Undefined index: svyaz in /home/httpd/vhosts/belteplicy.ru/httpdocs/calculator/mail.php on line 58
[24-Mar-2018 13:45:49 Europe/Moscow] PHP Notice:  Undefined index: name in /home/httpd/vhosts/belteplicy.ru/httpdocs/calculator/leads.php on line 15
[24-Mar-2018 14:01:36 Europe/Moscow] PHP Warning:  stripslashes() expects parameter 1 to be string, array given in /home/httpd/vhosts/belteplicy.ru/httpdocs/calculator/mail.php on line 27
[24-Mar-2018 14:01:36 Europe/Moscow] PHP Warning:  stripslashes() expects parameter 1 to be string, array given in /home/httpd/vhosts/belteplicy.ru/httpdocs/calculator/mail.php on line 50
[24-Mar-2018 14:01:36 Europe/Moscow] PHP Warning:  stripslashes() expects parameter 1 to be string, array given in /home/httpd/vhosts/belteplicy.ru/httpdocs/calculator/mail.php on line 58
[24-Mar-2018 14:01:36 Europe/Moscow] PHP Notice:  Undefined index: name in /home/httpd/vhosts/belteplicy.ru/httpdocs/calculator/leads.php on line 15
[24-Mar-2018 15:01:36 Europe/Moscow] PHP Warning:  stripslashes() expects parameter 1 to be string, array given in /home/httpd/vhosts/belteplicy.ru/httpdocs/calculator/mail.php on line 27
[24-Mar-2018 15:01:36 Europe/Moscow] PHP Warning:  stripslashes() expects parameter 1 to be string, array given in /home/httpd/vhosts/belteplicy.ru/httpdocs/calculator/mail.php on line 50
[24-Mar-2018 15:01:36 Europe/Moscow] PHP Warning:  stripslashes() expects parameter 1 to be string, array given in /home/httpd/vhosts/belteplicy.ru/httpdocs/calculator/mail.php on line 58
[24-Mar-2018 15:01:36 Europe/Moscow] PHP Notice:  Undefined index: name in /home/httpd/vhosts/belteplicy.ru/httpdocs/calculator/leads.php on line 15
[24-Mar-2018 15:03:48 Europe/Moscow] PHP Warning:  stripslashes() expects parameter 1 to be string, array given in /home/httpd/vhosts/belteplicy.ru/httpdocs/calculator/mail.php on line 27
[24-Mar-2018 15:03:48 Europe/Moscow] PHP Warning:  stripslashes() expects parameter 1 to be string, array given in /home/httpd/vhosts/belteplicy.ru/httpdocs/calculator/mail.php on line 50
[24-Mar-2018 15:03:48 Europe/Moscow] PHP Warning:  stripslashes() expects parameter 1 to be string, array given in /home/httpd/vhosts/belteplicy.ru/httpdocs/calculator/mail.php on line 58
[24-Mar-2018 15:03:48 Europe/Moscow] PHP Notice:  Undefined index: name in /home/httpd/vhosts/belteplicy.ru/httpdocs/calculator/leads.php on line 15
[24-Mar-2018 17:26:14 Europe/Moscow] PHP Warning:  stripslashes() expects parameter 1 to be string, array given in /home/httpd/vhosts/belteplicy.ru/httpdocs/calculator/mail.php on line 27
[24-Mar-2018 17:26:14 Europe/Moscow] PHP Warning:  stripslashes() expects parameter 1 to be string, array given in /home/httpd/vhosts/belteplicy.ru/httpdocs/calculator/mail.php on line 50
[24-Mar-2018 17:26:14 Europe/Moscow] PHP Notice:  Undefined index: svyaz in /home/httpd/vhosts/belteplicy.ru/httpdocs/calculator/mail.php on line 58
[24-Mar-2018 17:26:14 Europe/Moscow] PHP Notice:  Undefined index: name in /home/httpd/vhosts/belteplicy.ru/httpdocs/calculator/leads.php on line 15
[24-Mar-2018 18:44:07 Europe/Moscow] PHP Warning:  stripslashes() expects parameter 1 to be string, array given in /home/httpd/vhosts/belteplicy.ru/httpdocs/calculator/mail.php on line 27
[24-Mar-2018 18:44:07 Europe/Moscow] PHP Warning:  stripslashes() expects parameter 1 to be string, array given in /home/httpd/vhosts/belteplicy.ru/httpdocs/calculator/mail.php on line 50
[24-Mar-2018 18:44:07 Europe/Moscow] PHP Warning:  stripslashes() expects parameter 1 to be string, array given in /home/httpd/vhosts/belteplicy.ru/httpdocs/calculator/mail.php on line 58
[24-Mar-2018 18:44:07 Europe/Moscow] PHP Notice:  Undefined index: name in /home/httpd/vhosts/belteplicy.ru/httpdocs/calculator/leads.php on line 15
[24-Mar-2018 18:55:04 Europe/Moscow] PHP Warning:  stripslashes() expects parameter 1 to be string, array given in /home/httpd/vhosts/belteplicy.ru/httpdocs/calculator/mail.php on line 27
[24-Mar-2018 18:55:04 Europe/Moscow] PHP Warning:  stripslashes() expects parameter 1 to be string, array given in /home/httpd/vhosts/belteplicy.ru/httpdocs/calculator/mail.php on line 50
[24-Mar-2018 18:55:04 Europe/Moscow] PHP Warning:  stripslashes() expects parameter 1 to be string, array given in /home/httpd/vhosts/belteplicy.ru/httpdocs/calculator/mail.php on line 58
[24-Mar-2018 18:55:04 Europe/Moscow] PHP Notice:  Undefined index: name in /home/httpd/vhosts/belteplicy.ru/httpdocs/calculator/leads.php on line 15
[24-Mar-2018 19:19:40 Europe/Moscow] PHP Warning:  stripslashes() expects parameter 1 to be string, array given in /home/httpd/vhosts/belteplicy.ru/httpdocs/calculator/mail.php on line 27
[24-Mar-2018 19:19:40 Europe/Moscow] PHP Warning:  stripslashes() expects parameter 1 to be string, array given in /home/httpd/vhosts/belteplicy.ru/httpdocs/calculator/mail.php on line 50
[24-Mar-2018 19:19:40 Europe/Moscow] PHP Warning:  stripslashes() expects parameter 1 to be string, array given in /home/httpd/vhosts/belteplicy.ru/httpdocs/calculator/mail.php on line 58
[24-Mar-2018 19:19:41 Europe/Moscow] PHP Notice:  Undefined index: name in /home/httpd/vhosts/belteplicy.ru/httpdocs/calculator/leads.php on line 15
[24-Mar-2018 19:27:31 Europe/Moscow] PHP Warning:  stripslashes() expects parameter 1 to be string, array given in /home/httpd/vhosts/belteplicy.ru/httpdocs/calculator/mail.php on line 27
[24-Mar-2018 19:27:31 Europe/Moscow] PHP Warning:  stripslashes() expects parameter 1 to be string, array given in /home/httpd/vhosts/belteplicy.ru/httpdocs/calculator/mail.php on line 50
[24-Mar-2018 19:27:31 Europe/Moscow] PHP Warning:  stripslashes() expects parameter 1 to be string, array given in /home/httpd/vhosts/belteplicy.ru/httpdocs/calculator/mail.php on line 58
[24-Mar-2018 19:27:31 Europe/Moscow] PHP Notice:  Undefined index: name in /home/httpd/vhosts/belteplicy.ru/httpdocs/calculator/leads.php on line 15
[24-Mar-2018 19:28:13 Europe/Moscow] PHP Warning:  stripslashes() expects parameter 1 to be string, array given in /home/httpd/vhosts/belteplicy.ru/httpdocs/calculator/mail.php on line 27
[24-Mar-2018 19:28:13 Europe/Moscow] PHP Warning:  stripslashes() expects parameter 1 to be string, array given in /home/httpd/vhosts/belteplicy.ru/httpdocs/calculator/mail.php on line 50
[24-Mar-2018 19:28:13 Europe/Moscow] PHP Warning:  stripslashes() expects parameter 1 to be string, array given in /home/httpd/vhosts/belteplicy.ru/httpdocs/calculator/mail.php on line 58
[24-Mar-2018 19:28:13 Europe/Moscow] PHP Notice:  Undefined index: name in /home/httpd/vhosts/belteplicy.ru/httpdocs/calculator/leads.php on line 15
[24-Mar-2018 19:49:23 Europe/Moscow] PHP Warning:  stripslashes() expects parameter 1 to be string, array given in /home/httpd/vhosts/belteplicy.ru/httpdocs/calculator/mail.php on line 27
[24-Mar-2018 19:49:23 Europe/Moscow] PHP Warning:  stripslashes() expects parameter 1 to be string, array given in /home/httpd/vhosts/belteplicy.ru/httpdocs/calculator/mail.php on line 50
[24-Mar-2018 19:49:23 Europe/Moscow] PHP Notice:  Undefined index: svyaz in /home/httpd/vhosts/belteplicy.ru/httpdocs/calculator/mail.php on line 58
[24-Mar-2018 19:49:23 Europe/Moscow] PHP Notice:  Undefined index: name in /home/httpd/vhosts/belteplicy.ru/httpdocs/calculator/leads.php on line 15
[24-Mar-2018 20:26:42 Europe/Moscow] PHP Warning:  stripslashes() expects parameter 1 to be string, array given in /home/httpd/vhosts/belteplicy.ru/httpdocs/calculator/mail.php on line 27
[24-Mar-2018 20:26:42 Europe/Moscow] PHP Notice:  Undefined index: dopolnitelno in /home/httpd/vhosts/belteplicy.ru/httpdocs/calculator/mail.php on line 50
[24-Mar-2018 20:26:42 Europe/Moscow] PHP Warning:  stripslashes() expects parameter 1 to be string, array given in /home/httpd/vhosts/belteplicy.ru/httpdocs/calculator/mail.php on line 58
[24-Mar-2018 20:26:42 Europe/Moscow] PHP Notice:  Undefined index: name in /home/httpd/vhosts/belteplicy.ru/httpdocs/calculator/leads.php on line 15
[24-Mar-2018 21:48:34 Europe/Moscow] PHP Warning:  stripslashes() expects parameter 1 to be string, array given in /home/httpd/vhosts/belteplicy.ru/httpdocs/calculator/mail.php on line 27
[24-Mar-2018 21:48:34 Europe/Moscow] PHP Warning:  stripslashes() expects parameter 1 to be string, array given in /home/httpd/vhosts/belteplicy.ru/httpdocs/calculator/mail.php on line 50
[24-Mar-2018 21:48:34 Europe/Moscow] PHP Warning:  stripslashes() expects parameter 1 to be string, array given in /home/httpd/vhosts/belteplicy.ru/httpdocs/calculator/mail.php on line 58
[24-Mar-2018 21:48:34 Europe/Moscow] PHP Notice:  Undefined index: name in /home/httpd/vhosts/belteplicy.ru/httpdocs/calculator/leads.php on line 15
[24-Mar-2018 21:55:25 Europe/Moscow] PHP Warning:  stripslashes() expects parameter 1 to be string, array given in /home/httpd/vhosts/belteplicy.ru/httpdocs/calculator/mail.php on line 27
[24-Mar-2018 21:55:25 Europe/Moscow] PHP Warning:  stripslashes() expects parameter 1 to be string, array given in /home/httpd/vhosts/belteplicy.ru/httpdocs/calculator/mail.php on line 50
[24-Mar-2018 21:55:25 Europe/Moscow] PHP Warning:  stripslashes() expects parameter 1 to be string, array given in /home/httpd/vhosts/belteplicy.ru/httpdocs/calculator/mail.php on line 58
[24-Mar-2018 21:55:25 Europe/Moscow] PHP Notice:  Undefined index: name in /home/httpd/vhosts/belteplicy.ru/httpdocs/calculator/leads.php on line 15
[24-Mar-2018 22:01:21 Europe/Moscow] PHP Warning:  stripslashes() expects parameter 1 to be string, array given in /home/httpd/vhosts/belteplicy.ru/httpdocs/calculator/mail.php on line 27
[24-Mar-2018 22:01:21 Europe/Moscow] PHP Warning:  stripslashes() expects parameter 1 to be string, array given in /home/httpd/vhosts/belteplicy.ru/httpdocs/calculator/mail.php on line 50
[24-Mar-2018 22:01:21 Europe/Moscow] PHP Warning:  stripslashes() expects parameter 1 to be string, array given in /home/httpd/vhosts/belteplicy.ru/httpdocs/calculator/mail.php on line 58
[24-Mar-2018 22:01:21 Europe/Moscow] PHP Notice:  Undefined index: name in /home/httpd/vhosts/belteplicy.ru/httpdocs/calculator/leads.php on line 15
[24-Mar-2018 22:53:12 Europe/Moscow] PHP Warning:  stripslashes() expects parameter 1 to be string, array given in /home/httpd/vhosts/belteplicy.ru/httpdocs/calculator/mail.php on line 27
[24-Mar-2018 22:53:12 Europe/Moscow] PHP Warning:  stripslashes() expects parameter 1 to be string, array given in /home/httpd/vhosts/belteplicy.ru/httpdocs/calculator/mail.php on line 50
[24-Mar-2018 22:53:12 Europe/Moscow] PHP Warning:  stripslashes() expects parameter 1 to be string, array given in /home/httpd/vhosts/belteplicy.ru/httpdocs/calculator/mail.php on line 58
[24-Mar-2018 22:53:12 Europe/Moscow] PHP Notice:  Undefined index: name in /home/httpd/vhosts/belteplicy.ru/httpdocs/calculator/leads.php on line 15
[25-Mar-2018 09:54:00 Europe/Moscow] PHP Warning:  stripslashes() expects parameter 1 to be string, array given in /home/httpd/vhosts/belteplicy.ru/httpdocs/calculator/mail.php on line 27
[25-Mar-2018 09:54:00 Europe/Moscow] PHP Warning:  stripslashes() expects parameter 1 to be string, array given in /home/httpd/vhosts/belteplicy.ru/httpdocs/calculator/mail.php on line 50
[25-Mar-2018 09:54:00 Europe/Moscow] PHP Warning:  stripslashes() expects parameter 1 to be string, array given in /home/httpd/vhosts/belteplicy.ru/httpdocs/calculator/mail.php on line 58
[25-Mar-2018 09:54:00 Europe/Moscow] PHP Notice:  Undefined index: name in /home/httpd/vhosts/belteplicy.ru/httpdocs/calculator/leads.php on line 15
[25-Mar-2018 10:05:59 Europe/Moscow] PHP Warning:  stripslashes() expects parameter 1 to be string, array given in /home/httpd/vhosts/belteplicy.ru/httpdocs/calculator/mail.php on line 27
[25-Mar-2018 10:05:59 Europe/Moscow] PHP Notice:  Undefined index: dopolnitelno in /home/httpd/vhosts/belteplicy.ru/httpdocs/calculator/mail.php on line 50
[25-Mar-2018 10:05:59 Europe/Moscow] PHP Notice:  Undefined index: svyaz in /home/httpd/vhosts/belteplicy.ru/httpdocs/calculator/mail.php on line 58
[25-Mar-2018 10:05:59 Europe/Moscow] PHP Notice:  Undefined index: name in /home/httpd/vhosts/belteplicy.ru/httpdocs/calculator/leads.php on line 15
[25-Mar-2018 10:21:01 Europe/Moscow] PHP Warning:  stripslashes() expects parameter 1 to be string, array given in /home/httpd/vhosts/belteplicy.ru/httpdocs/calculator/mail.php on line 27
[25-Mar-2018 10:21:01 Europe/Moscow] PHP Notice:  Undefined index: dopolnitelno in /home/httpd/vhosts/belteplicy.ru/httpdocs/calculator/mail.php on line 50
[25-Mar-2018 10:21:01 Europe/Moscow] PHP Notice:  Undefined index: svyaz in /home/httpd/vhosts/belteplicy.ru/httpdocs/calculator/mail.php on line 58
[25-Mar-2018 10:21:01 Europe/Moscow] PHP Notice:  Undefined index: name in /home/httpd/vhosts/belteplicy.ru/httpdocs/calculator/leads.php on line 15
[25-Mar-2018 10:27:42 Europe/Moscow] PHP Warning:  stripslashes() expects parameter 1 to be string, array given in /home/httpd/vhosts/belteplicy.ru/httpdocs/calculator/mail.php on line 27
[25-Mar-2018 10:27:42 Europe/Moscow] PHP Warning:  stripslashes() expects parameter 1 to be string, array given in /home/httpd/vhosts/belteplicy.ru/httpdocs/calculator/mail.php on line 50
[25-Mar-2018 10:27:42 Europe/Moscow] PHP Warning:  stripslashes() expects parameter 1 to be string, array given in /home/httpd/vhosts/belteplicy.ru/httpdocs/calculator/mail.php on line 58
[25-Mar-2018 10:27:42 Europe/Moscow] PHP Notice:  Undefined index: name in /home/httpd/vhosts/belteplicy.ru/httpdocs/calculator/leads.php on line 15
[25-Mar-2018 10:57:01 Europe/Moscow] PHP Warning:  stripslashes() expects parameter 1 to be string, array given in /home/httpd/vhosts/belteplicy.ru/httpdocs/calculator/mail.php on line 27
[25-Mar-2018 10:57:01 Europe/Moscow] PHP Warning:  stripslashes() expects parameter 1 to be string, array given in /home/httpd/vhosts/belteplicy.ru/httpdocs/calculator/mail.php on line 50
[25-Mar-2018 10:57:01 Europe/Moscow] PHP Warning:  stripslashes() expects parameter 1 to be string, array given in /home/httpd/vhosts/belteplicy.ru/httpdocs/calculator/mail.php on line 58
[25-Mar-2018 10:57:01 Europe/Moscow] PHP Notice:  Undefined index: name in /home/httpd/vhosts/belteplicy.ru/httpdocs/calculator/leads.php on line 15
[25-Mar-2018 11:44:26 Europe/Moscow] PHP Warning:  stripslashes() expects parameter 1 to be string, array given in /home/httpd/vhosts/belteplicy.ru/httpdocs/calculator/mail.php on line 27
[25-Mar-2018 11:44:26 Europe/Moscow] PHP Warning:  stripslashes() expects parameter 1 to be string, array given in /home/httpd/vhosts/belteplicy.ru/httpdocs/calculator/mail.php on line 50
[25-Mar-2018 11:44:26 Europe/Moscow] PHP Warning:  stripslashes() expects parameter 1 to be string, array given in /home/httpd/vhosts/belteplicy.ru/httpdocs/calculator/mail.php on line 58
[25-Mar-2018 11:44:26 Europe/Moscow] PHP Notice:  Undefined index: name in /home/httpd/vhosts/belteplicy.ru/httpdocs/calculator/leads.php on line 15
[25-Mar-2018 11:52:13 Europe/Moscow] PHP Warning:  stripslashes() expects parameter 1 to be string, array given in /home/httpd/vhosts/belteplicy.ru/httpdocs/calculator/mail.php on line 27
[25-Mar-2018 11:52:13 Europe/Moscow] PHP Warning:  stripslashes() expects parameter 1 to be string, array given in /home/httpd/vhosts/belteplicy.ru/httpdocs/calculator/mail.php on line 50
[25-Mar-2018 11:52:13 Europe/Moscow] PHP Notice:  Undefined index: svyaz in /home/httpd/vhosts/belteplicy.ru/httpdocs/calculator/mail.php on line 58
[25-Mar-2018 11:52:13 Europe/Moscow] PHP Notice:  Undefined index: name in /home/httpd/vhosts/belteplicy.ru/httpdocs/calculator/leads.php on line 15
[25-Mar-2018 13:11:01 Europe/Moscow] PHP Warning:  stripslashes() expects parameter 1 to be string, array given in /home/httpd/vhosts/belteplicy.ru/httpdocs/calculator/mail.php on line 27
[25-Mar-2018 13:11:01 Europe/Moscow] PHP Warning:  stripslashes() expects parameter 1 to be string, array given in /home/httpd/vhosts/belteplicy.ru/httpdocs/calculator/mail.php on line 50
[25-Mar-2018 13:11:01 Europe/Moscow] PHP Warning:  stripslashes() expects parameter 1 to be string, array given in /home/httpd/vhosts/belteplicy.ru/httpdocs/calculator/mail.php on line 58
[25-Mar-2018 13:11:01 Europe/Moscow] PHP Notice:  Undefined index: name in /home/httpd/vhosts/belteplicy.ru/httpdocs/calculator/leads.php on line 15
[25-Mar-2018 13:24:19 Europe/Moscow] PHP Warning:  stripslashes() expects parameter 1 to be string, array given in /home/httpd/vhosts/belteplicy.ru/httpdocs/calculator/mail.php on line 27
[25-Mar-2018 13:24:19 Europe/Moscow] PHP Warning:  stripslashes() expects parameter 1 to be string, array given in /home/httpd/vhosts/belteplicy.ru/httpdocs/calculator/mail.php on line 50
[25-Mar-2018 13:24:19 Europe/Moscow] PHP Warning:  stripslashes() expects parameter 1 to be string, array given in /home/httpd/vhosts/belteplicy.ru/httpdocs/calculator/mail.php on line 58
[25-Mar-2018 13:24:19 Europe/Moscow] PHP Notice:  Undefined index: name in /home/httpd/vhosts/belteplicy.ru/httpdocs/calculator/leads.php on line 15
[25-Mar-2018 13:31:30 Europe/Moscow] PHP Warning:  stripslashes() expects parameter 1 to be string, array given in /home/httpd/vhosts/belteplicy.ru/httpdocs/calculator/mail.php on line 27
[25-Mar-2018 13:31:30 Europe/Moscow] PHP Warning:  stripslashes() expects parameter 1 to be string, array given in /home/httpd/vhosts/belteplicy.ru/httpdocs/calculator/mail.php on line 50
[25-Mar-2018 13:31:30 Europe/Moscow] PHP Warning:  stripslashes() expects parameter 1 to be string, array given in /home/httpd/vhosts/belteplicy.ru/httpdocs/calculator/mail.php on line 58
[25-Mar-2018 13:31:31 Europe/Moscow] PHP Notice:  Undefined index: name in /home/httpd/vhosts/belteplicy.ru/httpdocs/calculator/leads.php on line 15
[25-Mar-2018 14:04:34 Europe/Moscow] PHP Warning:  stripslashes() expects parameter 1 to be string, array given in /home/httpd/vhosts/belteplicy.ru/httpdocs/calculator/mail.php on line 27
[25-Mar-2018 14:04:34 Europe/Moscow] PHP Warning:  stripslashes() expects parameter 1 to be string, array given in /home/httpd/vhosts/belteplicy.ru/httpdocs/calculator/mail.php on line 50
[25-Mar-2018 14:04:34 Europe/Moscow] PHP Warning:  stripslashes() expects parameter 1 to be string, array given in /home/httpd/vhosts/belteplicy.ru/httpdocs/calculator/mail.php on line 58
[25-Mar-2018 14:04:34 Europe/Moscow] PHP Notice:  Undefined index: name in /home/httpd/vhosts/belteplicy.ru/httpdocs/calculator/leads.php on line 15
[25-Mar-2018 15:08:11 Europe/Moscow] PHP Warning:  stripslashes() expects parameter 1 to be string, array given in /home/httpd/vhosts/belteplicy.ru/httpdocs/calculator/mail.php on line 27
[25-Mar-2018 15:08:11 Europe/Moscow] PHP Warning:  stripslashes() expects parameter 1 to be string, array given in /home/httpd/vhosts/belteplicy.ru/httpdocs/calculator/mail.php on line 50
[25-Mar-2018 15:08:11 Europe/Moscow] PHP Warning:  stripslashes() expects parameter 1 to be string, array given in /home/httpd/vhosts/belteplicy.ru/httpdocs/calculator/mail.php on line 58
[25-Mar-2018 15:08:11 Europe/Moscow] PHP Notice:  Undefined index: name in /home/httpd/vhosts/belteplicy.ru/httpdocs/calculator/leads.php on line 15
[25-Mar-2018 15:16:41 Europe/Moscow] PHP Warning:  stripslashes() expects parameter 1 to be string, array given in /home/httpd/vhosts/belteplicy.ru/httpdocs/calculator/mail.php on line 27
[25-Mar-2018 15:16:41 Europe/Moscow] PHP Warning:  stripslashes() expects parameter 1 to be string, array given in /home/httpd/vhosts/belteplicy.ru/httpdocs/calculator/mail.php on line 50
[25-Mar-2018 15:16:41 Europe/Moscow] PHP Warning:  stripslashes() expects parameter 1 to be string, array given in /home/httpd/vhosts/belteplicy.ru/httpdocs/calculator/mail.php on line 58
[25-Mar-2018 15:16:41 Europe/Moscow] PHP Notice:  Undefined index: name in /home/httpd/vhosts/belteplicy.ru/httpdocs/calculator/leads.php on line 15
[25-Mar-2018 15:24:55 Europe/Moscow] PHP Warning:  stripslashes() expects parameter 1 to be string, array given in /home/httpd/vhosts/belteplicy.ru/httpdocs/calculator/mail.php on line 27
[25-Mar-2018 15:24:55 Europe/Moscow] PHP Warning:  stripslashes() expects parameter 1 to be string, array given in /home/httpd/vhosts/belteplicy.ru/httpdocs/calculator/mail.php on line 50
[25-Mar-2018 15:24:55 Europe/Moscow] PHP Notice:  Undefined index: svyaz in /home/httpd/vhosts/belteplicy.ru/httpdocs/calculator/mail.php on line 58
[25-Mar-2018 15:24:55 Europe/Moscow] PHP Notice:  Undefined index: name in /home/httpd/vhosts/belteplicy.ru/httpdocs/calculator/leads.php on line 15
[25-Mar-2018 16:14:51 Europe/Moscow] PHP Warning:  stripslashes() expects parameter 1 to be string, array given in /home/httpd/vhosts/belteplicy.ru/httpdocs/calculator/mail.php on line 27
[25-Mar-2018 16:14:51 Europe/Moscow] PHP Warning:  stripslashes() expects parameter 1 to be string, array given in /home/httpd/vhosts/belteplicy.ru/httpdocs/calculator/mail.php on line 50
[25-Mar-2018 16:14:51 Europe/Moscow] PHP Notice:  Undefined index: svyaz in /home/httpd/vhosts/belteplicy.ru/httpdocs/calculator/mail.php on line 58
[25-Mar-2018 16:14:51 Europe/Moscow] PHP Notice:  Undefined index: name in /home/httpd/vhosts/belteplicy.ru/httpdocs/calculator/leads.php on line 15
[25-Mar-2018 16:44:49 Europe/Moscow] PHP Warning:  stripslashes() expects parameter 1 to be string, array given in /home/httpd/vhosts/belteplicy.ru/httpdocs/calculator/mail.php on line 27
[25-Mar-2018 16:44:49 Europe/Moscow] PHP Warning:  stripslashes() expects parameter 1 to be string, array given in /home/httpd/vhosts/belteplicy.ru/httpdocs/calculator/mail.php on line 50
[25-Mar-2018 16:44:49 Europe/Moscow] PHP Warning:  stripslashes() expects parameter 1 to be string, array given in /home/httpd/vhosts/belteplicy.ru/httpdocs/calculator/mail.php on line 58
[25-Mar-2018 16:44:49 Europe/Moscow] PHP Notice:  Undefined index: name in /home/httpd/vhosts/belteplicy.ru/httpdocs/calculator/leads.php on line 15
[25-Mar-2018 16:46:53 Europe/Moscow] PHP Warning:  stripslashes() expects parameter 1 to be string, array given in /home/httpd/vhosts/belteplicy.ru/httpdocs/calculator/mail.php on line 27
[25-Mar-2018 16:46:53 Europe/Moscow] PHP Warning:  stripslashes() expects parameter 1 to be string, array given in /home/httpd/vhosts/belteplicy.ru/httpdocs/calculator/mail.php on line 50
[25-Mar-2018 16:46:53 Europe/Moscow] PHP Warning:  stripslashes() expects parameter 1 to be string, array given in /home/httpd/vhosts/belteplicy.ru/httpdocs/calculator/mail.php on line 58
[25-Mar-2018 16:46:53 Europe/Moscow] PHP Notice:  Undefined index: name in /home/httpd/vhosts/belteplicy.ru/httpdocs/calculator/leads.php on line 15
[25-Mar-2018 16:58:17 Europe/Moscow] PHP Warning:  stripslashes() expects parameter 1 to be string, array given in /home/httpd/vhosts/belteplicy.ru/httpdocs/calculator/mail.php on line 27
[25-Mar-2018 16:58:17 Europe/Moscow] PHP Warning:  stripslashes() expects parameter 1 to be string, array given in /home/httpd/vhosts/belteplicy.ru/httpdocs/calculator/mail.php on line 50
[25-Mar-2018 16:58:17 Europe/Moscow] PHP Warning:  stripslashes() expects parameter 1 to be string, array given in /home/httpd/vhosts/belteplicy.ru/httpdocs/calculator/mail.php on line 58
[25-Mar-2018 16:58:17 Europe/Moscow] PHP Notice:  Undefined index: name in /home/httpd/vhosts/belteplicy.ru/httpdocs/calculator/leads.php on line 15
[25-Mar-2018 17:42:28 Europe/Moscow] PHP Warning:  stripslashes() expects parameter 1 to be string, array given in /home/httpd/vhosts/belteplicy.ru/httpdocs/calculator/mail.php on line 27
[25-Mar-2018 17:42:28 Europe/Moscow] PHP Warning:  stripslashes() expects parameter 1 to be string, array given in /home/httpd/vhosts/belteplicy.ru/httpdocs/calculator/mail.php on line 50
[25-Mar-2018 17:42:28 Europe/Moscow] PHP Warning:  stripslashes() expects parameter 1 to be string, array given in /home/httpd/vhosts/belteplicy.ru/httpdocs/calculator/mail.php on line 58
[25-Mar-2018 17:42:28 Europe/Moscow] PHP Notice:  Undefined index: name in /home/httpd/vhosts/belteplicy.ru/httpdocs/calculator/leads.php on line 15
[25-Mar-2018 18:16:06 Europe/Moscow] PHP Warning:  stripslashes() expects parameter 1 to be string, array given in /home/httpd/vhosts/belteplicy.ru/httpdocs/calculator/mail.php on line 27
[25-Mar-2018 18:16:06 Europe/Moscow] PHP Warning:  stripslashes() expects parameter 1 to be string, array given in /home/httpd/vhosts/belteplicy.ru/httpdocs/calculator/mail.php on line 50
[25-Mar-2018 18:16:06 Europe/Moscow] PHP Warning:  stripslashes() expects parameter 1 to be string, array given in /home/httpd/vhosts/belteplicy.ru/httpdocs/calculator/mail.php on line 58
[25-Mar-2018 18:16:06 Europe/Moscow] PHP Notice:  Undefined index: name in /home/httpd/vhosts/belteplicy.ru/httpdocs/calculator/leads.php on line 15
[25-Mar-2018 18:23:11 Europe/Moscow] PHP Warning:  stripslashes() expects parameter 1 to be string, array given in /home/httpd/vhosts/belteplicy.ru/httpdocs/calculator/mail.php on line 27
[25-Mar-2018 18:23:11 Europe/Moscow] PHP Warning:  stripslashes() expects parameter 1 to be string, array given in /home/httpd/vhosts/belteplicy.ru/httpdocs/calculator/mail.php on line 50
[25-Mar-2018 18:23:11 Europe/Moscow] PHP Warning:  stripslashes() expects parameter 1 to be string, array given in /home/httpd/vhosts/belteplicy.ru/httpdocs/calculator/mail.php on line 58
[25-Mar-2018 18:23:11 Europe/Moscow] PHP Notice:  Undefined index: name in /home/httpd/vhosts/belteplicy.ru/httpdocs/calculator/leads.php on line 15
[25-Mar-2018 18:27:28 Europe/Moscow] PHP Warning:  stripslashes() expects parameter 1 to be string, array given in /home/httpd/vhosts/belteplicy.ru/httpdocs/calculator/mail.php on line 27
[25-Mar-2018 18:27:28 Europe/Moscow] PHP Warning:  stripslashes() expects parameter 1 to be string, array given in /home/httpd/vhosts/belteplicy.ru/httpdocs/calculator/mail.php on line 50
[25-Mar-2018 18:27:28 Europe/Moscow] PHP Warning:  stripslashes() expects parameter 1 to be string, array given in /home/httpd/vhosts/belteplicy.ru/httpdocs/calculator/mail.php on line 58
[25-Mar-2018 18:27:28 Europe/Moscow] PHP Notice:  Undefined index: name in /home/httpd/vhosts/belteplicy.ru/httpdocs/calculator/leads.php on line 15
[25-Mar-2018 18:45:11 Europe/Moscow] PHP Warning:  stripslashes() expects parameter 1 to be string, array given in /home/httpd/vhosts/belteplicy.ru/httpdocs/calculator/mail.php on line 27
[25-Mar-2018 18:45:11 Europe/Moscow] PHP Warning:  stripslashes() expects parameter 1 to be string, array given in /home/httpd/vhosts/belteplicy.ru/httpdocs/calculator/mail.php on line 50
[25-Mar-2018 18:45:11 Europe/Moscow] PHP Warning:  stripslashes() expects parameter 1 to be string, array given in /home/httpd/vhosts/belteplicy.ru/httpdocs/calculator/mail.php on line 58
[25-Mar-2018 18:45:11 Europe/Moscow] PHP Notice:  Undefined index: name in /home/httpd/vhosts/belteplicy.ru/httpdocs/calculator/leads.php on line 15
[25-Mar-2018 19:18:21 Europe/Moscow] PHP Warning:  stripslashes() expects parameter 1 to be string, array given in /home/httpd/vhosts/belteplicy.ru/httpdocs/calculator/mail.php on line 27
[25-Mar-2018 19:18:21 Europe/Moscow] PHP Warning:  stripslashes() expects parameter 1 to be string, array given in /home/httpd/vhosts/belteplicy.ru/httpdocs/calculator/mail.php on line 50
[25-Mar-2018 19:18:21 Europe/Moscow] PHP Warning:  stripslashes() expects parameter 1 to be string, array given in /home/httpd/vhosts/belteplicy.ru/httpdocs/calculator/mail.php on line 58
[25-Mar-2018 19:18:21 Europe/Moscow] PHP Notice:  Undefined index: name in /home/httpd/vhosts/belteplicy.ru/httpdocs/calculator/leads.php on line 15
[25-Mar-2018 19:37:46 Europe/Moscow] PHP Warning:  stripslashes() expects parameter 1 to be string, array given in /home/httpd/vhosts/belteplicy.ru/httpdocs/calculator/mail.php on line 27
[25-Mar-2018 19:37:46 Europe/Moscow] PHP Warning:  stripslashes() expects parameter 1 to be string, array given in /home/httpd/vhosts/belteplicy.ru/httpdocs/calculator/mail.php on line 50
[25-Mar-2018 19:37:46 Europe/Moscow] PHP Warning:  stripslashes() expects parameter 1 to be string, array given in /home/httpd/vhosts/belteplicy.ru/httpdocs/calculator/mail.php on line 58
[25-Mar-2018 19:37:46 Europe/Moscow] PHP Notice:  Undefined index: name in /home/httpd/vhosts/belteplicy.ru/httpdocs/calculator/leads.php on line 15
[25-Mar-2018 19:44:42 Europe/Moscow] PHP Warning:  stripslashes() expects parameter 1 to be string, array given in /home/httpd/vhosts/belteplicy.ru/httpdocs/calculator/mail.php on line 27
[25-Mar-2018 19:44:42 Europe/Moscow] PHP Warning:  stripslashes() expects parameter 1 to be string, array given in /home/httpd/vhosts/belteplicy.ru/httpdocs/calculator/mail.php on line 50
[25-Mar-2018 19:44:42 Europe/Moscow] PHP Warning:  stripslashes() expects parameter 1 to be string, array given in /home/httpd/vhosts/belteplicy.ru/httpdocs/calculator/mail.php on line 58
[25-Mar-2018 19:44:42 Europe/Moscow] PHP Notice:  Undefined index: name in /home/httpd/vhosts/belteplicy.ru/httpdocs/calculator/leads.php on line 15
[25-Mar-2018 19:50:28 Europe/Moscow] PHP Notice:  Undefined index: products in /home/httpd/vhosts/belteplicy.ru/httpdocs/calculator/mail.php on line 27
[25-Mar-2018 19:50:28 Europe/Moscow] PHP Notice:  Undefined index: dopolnitelno in /home/httpd/vhosts/belteplicy.ru/httpdocs/calculator/mail.php on line 50
[25-Mar-2018 19:50:28 Europe/Moscow] PHP Notice:  Undefined index: svyaz in /home/httpd/vhosts/belteplicy.ru/httpdocs/calculator/mail.php on line 58
[25-Mar-2018 19:50:28 Europe/Moscow] PHP Notice:  Undefined index: name in /home/httpd/vhosts/belteplicy.ru/httpdocs/calculator/leads.php on line 15
[25-Mar-2018 19:58:36 Europe/Moscow] PHP Warning:  stripslashes() expects parameter 1 to be string, array given in /home/httpd/vhosts/belteplicy.ru/httpdocs/calculator/mail.php on line 27
[25-Mar-2018 19:58:36 Europe/Moscow] PHP Warning:  stripslashes() expects parameter 1 to be string, array given in /home/httpd/vhosts/belteplicy.ru/httpdocs/calculator/mail.php on line 50
[25-Mar-2018 19:58:36 Europe/Moscow] PHP Notice:  Undefined index: svyaz in /home/httpd/vhosts/belteplicy.ru/httpdocs/calculator/mail.php on line 58
[25-Mar-2018 19:58:36 Europe/Moscow] PHP Notice:  Undefined index: name in /home/httpd/vhosts/belteplicy.ru/httpdocs/calculator/leads.php on line 15
[25-Mar-2018 20:00:44 Europe/Moscow] PHP Warning:  stripslashes() expects parameter 1 to be string, array given in /home/httpd/vhosts/belteplicy.ru/httpdocs/calculator/mail.php on line 27
[25-Mar-2018 20:00:44 Europe/Moscow] PHP Warning:  stripslashes() expects parameter 1 to be string, array given in /home/httpd/vhosts/belteplicy.ru/httpdocs/calculator/mail.php on line 50
[25-Mar-2018 20:00:44 Europe/Moscow] PHP Warning:  stripslashes() expects parameter 1 to be string, array given in /home/httpd/vhosts/belteplicy.ru/httpdocs/calculator/mail.php on line 58
[25-Mar-2018 20:00:44 Europe/Moscow] PHP Notice:  Undefined index: name in /home/httpd/vhosts/belteplicy.ru/httpdocs/calculator/leads.php on line 15
[25-Mar-2018 20:07:22 Europe/Moscow] PHP Warning:  stripslashes() expects parameter 1 to be string, array given in /home/httpd/vhosts/belteplicy.ru/httpdocs/calculator/mail.php on line 27
[25-Mar-2018 20:07:22 Europe/Moscow] PHP Warning:  stripslashes() expects parameter 1 to be string, array given in /home/httpd/vhosts/belteplicy.ru/httpdocs/calculator/mail.php on line 50
[25-Mar-2018 20:07:22 Europe/Moscow] PHP Warning:  stripslashes() expects parameter 1 to be string, array given in /home/httpd/vhosts/belteplicy.ru/httpdocs/calculator/mail.php on line 58
[25-Mar-2018 20:07:22 Europe/Moscow] PHP Notice:  Undefined index: name in /home/httpd/vhosts/belteplicy.ru/httpdocs/calculator/leads.php on line 15
[25-Mar-2018 20:07:25 Europe/Moscow] PHP Warning:  stripslashes() expects parameter 1 to be string, array given in /home/httpd/vhosts/belteplicy.ru/httpdocs/calculator/mail.php on line 27
[25-Mar-2018 20:07:25 Europe/Moscow] PHP Warning:  stripslashes() expects parameter 1 to be string, array given in /home/httpd/vhosts/belteplicy.ru/httpdocs/calculator/mail.php on line 50
[25-Mar-2018 20:07:25 Europe/Moscow] PHP Warning:  stripslashes() expects parameter 1 to be string, array given in /home/httpd/vhosts/belteplicy.ru/httpdocs/calculator/mail.php on line 58
[25-Mar-2018 20:07:25 Europe/Moscow] PHP Notice:  Undefined index: name in /home/httpd/vhosts/belteplicy.ru/httpdocs/calculator/leads.php on line 15
[25-Mar-2018 20:13:14 Europe/Moscow] PHP Warning:  stripslashes() expects parameter 1 to be string, array given in /home/httpd/vhosts/belteplicy.ru/httpdocs/calculator/mail.php on line 27
[25-Mar-2018 20:13:14 Europe/Moscow] PHP Warning:  stripslashes() expects parameter 1 to be string, array given in /home/httpd/vhosts/belteplicy.ru/httpdocs/calculator/mail.php on line 50
[25-Mar-2018 20:13:14 Europe/Moscow] PHP Warning:  stripslashes() expects parameter 1 to be string, array given in /home/httpd/vhosts/belteplicy.ru/httpdocs/calculator/mail.php on line 58
[25-Mar-2018 20:13:14 Europe/Moscow] PHP Notice:  Undefined index: name in /home/httpd/vhosts/belteplicy.ru/httpdocs/calculator/leads.php on line 15
[25-Mar-2018 20:16:47 Europe/Moscow] PHP Warning:  stripslashes() expects parameter 1 to be string, array given in /home/httpd/vhosts/belteplicy.ru/httpdocs/calculator/mail.php on line 27
[25-Mar-2018 20:16:47 Europe/Moscow] PHP Warning:  stripslashes() expects parameter 1 to be string, array given in /home/httpd/vhosts/belteplicy.ru/httpdocs/calculator/mail.php on line 50
[25-Mar-2018 20:16:47 Europe/Moscow] PHP Notice:  Undefined index: svyaz in /home/httpd/vhosts/belteplicy.ru/httpdocs/calculator/mail.php on line 58
[25-Mar-2018 20:16:47 Europe/Moscow] PHP Notice:  Undefined index: name in /home/httpd/vhosts/belteplicy.ru/httpdocs/calculator/leads.php on line 15
[25-Mar-2018 20:26:26 Europe/Moscow] PHP Warning:  stripslashes() expects parameter 1 to be string, array given in /home/httpd/vhosts/belteplicy.ru/httpdocs/calculator/mail.php on line 27
[25-Mar-2018 20:26:26 Europe/Moscow] PHP Warning:  stripslashes() expects parameter 1 to be string, array given in /home/httpd/vhosts/belteplicy.ru/httpdocs/calculator/mail.php on line 50
[25-Mar-2018 20:26:26 Europe/Moscow] PHP Warning:  stripslashes() expects parameter 1 to be string, array given in /home/httpd/vhosts/belteplicy.ru/httpdocs/calculator/mail.php on line 58
[25-Mar-2018 20:26:26 Europe/Moscow] PHP Notice:  Undefined index: name in /home/httpd/vhosts/belteplicy.ru/httpdocs/calculator/leads.php on line 15
[25-Mar-2018 20:34:41 Europe/Moscow] PHP Warning:  stripslashes() expects parameter 1 to be string, array given in /home/httpd/vhosts/belteplicy.ru/httpdocs/calculator/mail.php on line 27
[25-Mar-2018 20:34:41 Europe/Moscow] PHP Warning:  stripslashes() expects parameter 1 to be string, array given in /home/httpd/vhosts/belteplicy.ru/httpdocs/calculator/mail.php on line 50
[25-Mar-2018 20:34:41 Europe/Moscow] PHP Warning:  stripslashes() expects parameter 1 to be string, array given in /home/httpd/vhosts/belteplicy.ru/httpdocs/calculator/mail.php on line 58
[25-Mar-2018 20:34:41 Europe/Moscow] PHP Notice:  Undefined index: name in /home/httpd/vhosts/belteplicy.ru/httpdocs/calculator/leads.php on line 15
[25-Mar-2018 20:47:54 Europe/Moscow] PHP Warning:  stripslashes() expects parameter 1 to be string, array given in /home/httpd/vhosts/belteplicy.ru/httpdocs/calculator/mail.php on line 27
[25-Mar-2018 20:47:54 Europe/Moscow] PHP Warning:  stripslashes() expects parameter 1 to be string, array given in /home/httpd/vhosts/belteplicy.ru/httpdocs/calculator/mail.php on line 50
[25-Mar-2018 20:47:54 Europe/Moscow] PHP Notice:  Undefined index: svyaz in /home/httpd/vhosts/belteplicy.ru/httpdocs/calculator/mail.php on line 58
[25-Mar-2018 20:47:54 Europe/Moscow] PHP Notice:  Undefined index: name in /home/httpd/vhosts/belteplicy.ru/httpdocs/calculator/leads.php on line 15
[25-Mar-2018 20:56:20 Europe/Moscow] PHP Warning:  stripslashes() expects parameter 1 to be string, array given in /home/httpd/vhosts/belteplicy.ru/httpdocs/calculator/mail.php on line 27
[25-Mar-2018 20:56:20 Europe/Moscow] PHP Warning:  stripslashes() expects parameter 1 to be string, array given in /home/httpd/vhosts/belteplicy.ru/httpdocs/calculator/mail.php on line 50
[25-Mar-2018 20:56:20 Europe/Moscow] PHP Warning:  stripslashes() expects parameter 1 to be string, array given in /home/httpd/vhosts/belteplicy.ru/httpdocs/calculator/mail.php on line 58
[25-Mar-2018 20:56:20 Europe/Moscow] PHP Notice:  Undefined index: name in /home/httpd/vhosts/belteplicy.ru/httpdocs/calculator/leads.php on line 15
[25-Mar-2018 21:04:37 Europe/Moscow] PHP Warning:  stripslashes() expects parameter 1 to be string, array given in /home/httpd/vhosts/belteplicy.ru/httpdocs/calculator/mail.php on line 27
[25-Mar-2018 21:04:37 Europe/Moscow] PHP Warning:  stripslashes() expects parameter 1 to be string, array given in /home/httpd/vhosts/belteplicy.ru/httpdocs/calculator/mail.php on line 50
[25-Mar-2018 21:04:37 Europe/Moscow] PHP Warning:  stripslashes() expects parameter 1 to be string, array given in /home/httpd/vhosts/belteplicy.ru/httpdocs/calculator/mail.php on line 58
[25-Mar-2018 21:04:37 Europe/Moscow] PHP Notice:  Undefined index: name in /home/httpd/vhosts/belteplicy.ru/httpdocs/calculator/leads.php on line 15
[25-Mar-2018 21:14:42 Europe/Moscow] PHP Warning:  stripslashes() expects parameter 1 to be string, array given in /home/httpd/vhosts/belteplicy.ru/httpdocs/calculator/mail.php on line 27
[25-Mar-2018 21:14:42 Europe/Moscow] PHP Warning:  stripslashes() expects parameter 1 to be string, array given in /home/httpd/vhosts/belteplicy.ru/httpdocs/calculator/mail.php on line 50
[25-Mar-2018 21:14:42 Europe/Moscow] PHP Warning:  stripslashes() expects parameter 1 to be string, array given in /home/httpd/vhosts/belteplicy.ru/httpdocs/calculator/mail.php on line 58
[25-Mar-2018 21:14:42 Europe/Moscow] PHP Notice:  Undefined index: name in /home/httpd/vhosts/belteplicy.ru/httpdocs/calculator/leads.php on line 15
[25-Mar-2018 21:20:49 Europe/Moscow] PHP Warning:  stripslashes() expects parameter 1 to be string, array given in /home/httpd/vhosts/belteplicy.ru/httpdocs/calculator/mail.php on line 27
[25-Mar-2018 21:20:49 Europe/Moscow] PHP Warning:  stripslashes() expects parameter 1 to be string, array given in /home/httpd/vhosts/belteplicy.ru/httpdocs/calculator/mail.php on line 50
[25-Mar-2018 21:20:49 Europe/Moscow] PHP Warning:  stripslashes() expects parameter 1 to be string, array given in /home/httpd/vhosts/belteplicy.ru/httpdocs/calculator/mail.php on line 58
[25-Mar-2018 21:20:49 Europe/Moscow] PHP Notice:  Undefined index: name in /home/httpd/vhosts/belteplicy.ru/httpdocs/calculator/leads.php on line 15
[25-Mar-2018 21:27:23 Europe/Moscow] PHP Warning:  stripslashes() expects parameter 1 to be string, array given in /home/httpd/vhosts/belteplicy.ru/httpdocs/calculator/mail.php on line 27
[25-Mar-2018 21:27:23 Europe/Moscow] PHP Warning:  stripslashes() expects parameter 1 to be string, array given in /home/httpd/vhosts/belteplicy.ru/httpdocs/calculator/mail.php on line 50
[25-Mar-2018 21:27:23 Europe/Moscow] PHP Warning:  stripslashes() expects parameter 1 to be string, array given in /home/httpd/vhosts/belteplicy.ru/httpdocs/calculator/mail.php on line 58
[25-Mar-2018 21:27:23 Europe/Moscow] PHP Notice:  Undefined index: name in /home/httpd/vhosts/belteplicy.ru/httpdocs/calculator/leads.php on line 15
[25-Mar-2018 22:06:37 Europe/Moscow] PHP Warning:  stripslashes() expects parameter 1 to be string, array given in /home/httpd/vhosts/belteplicy.ru/httpdocs/calculator/mail.php on line 27
[25-Mar-2018 22:06:37 Europe/Moscow] PHP Warning:  stripslashes() expects parameter 1 to be string, array given in /home/httpd/vhosts/belteplicy.ru/httpdocs/calculator/mail.php on line 50
[25-Mar-2018 22:06:37 Europe/Moscow] PHP Warning:  stripslashes() expects parameter 1 to be string, array given in /home/httpd/vhosts/belteplicy.ru/httpdocs/calculator/mail.php on line 58
[25-Mar-2018 22:06:37 Europe/Moscow] PHP Notice:  Undefined index: name in /home/httpd/vhosts/belteplicy.ru/httpdocs/calculator/leads.php on line 15
[25-Mar-2018 22:29:59 Europe/Moscow] PHP Warning:  stripslashes() expects parameter 1 to be string, array given in /home/httpd/vhosts/belteplicy.ru/httpdocs/calculator/mail.php on line 27
[25-Mar-2018 22:29:59 Europe/Moscow] PHP Warning:  stripslashes() expects parameter 1 to be string, array given in /home/httpd/vhosts/belteplicy.ru/httpdocs/calculator/mail.php on line 50
[25-Mar-2018 22:29:59 Europe/Moscow] PHP Warning:  stripslashes() expects parameter 1 to be string, array given in /home/httpd/vhosts/belteplicy.ru/httpdocs/calculator/mail.php on line 58
[25-Mar-2018 22:29:59 Europe/Moscow] PHP Notice:  Undefined index: name in /home/httpd/vhosts/belteplicy.ru/httpdocs/calculator/leads.php on line 15
[25-Mar-2018 23:01:56 Europe/Moscow] PHP Warning:  stripslashes() expects parameter 1 to be string, array given in /home/httpd/vhosts/belteplicy.ru/httpdocs/calculator/mail.php on line 27
[25-Mar-2018 23:01:56 Europe/Moscow] PHP Warning:  stripslashes() expects parameter 1 to be string, array given in /home/httpd/vhosts/belteplicy.ru/httpdocs/calculator/mail.php on line 50
[25-Mar-2018 23:01:56 Europe/Moscow] PHP Warning:  stripslashes() expects parameter 1 to be string, array given in /home/httpd/vhosts/belteplicy.ru/httpdocs/calculator/mail.php on line 58
[25-Mar-2018 23:01:57 Europe/Moscow] PHP Notice:  Undefined index: name in /home/httpd/vhosts/belteplicy.ru/httpdocs/calculator/leads.php on line 15
[26-Mar-2018 15:58:09 Europe/Moscow] PHP Warning:  stripslashes() expects parameter 1 to be string, array given in /home/httpd/vhosts/belteplicy.ru/httpdocs/calculator/mail.php on line 27
[26-Mar-2018 15:58:09 Europe/Moscow] PHP Warning:  stripslashes() expects parameter 1 to be string, array given in /home/httpd/vhosts/belteplicy.ru/httpdocs/calculator/mail.php on line 50
[26-Mar-2018 15:58:09 Europe/Moscow] PHP Warning:  stripslashes() expects parameter 1 to be string, array given in /home/httpd/vhosts/belteplicy.ru/httpdocs/calculator/mail.php on line 58
[26-Mar-2018 15:58:09 Europe/Moscow] PHP Notice:  Undefined index: name in /home/httpd/vhosts/belteplicy.ru/httpdocs/calculator/leads.php on line 15
[29-Mar-2018 12:51:20 Europe/Moscow] PHP Warning:  stripslashes() expects parameter 1 to be string, array given in /home/httpd/vhosts/belteplicy.ru/httpdocs/calculator/mail.php on line 27
[29-Mar-2018 12:51:20 Europe/Moscow] PHP Warning:  stripslashes() expects parameter 1 to be string, array given in /home/httpd/vhosts/belteplicy.ru/httpdocs/calculator/mail.php on line 50
[29-Mar-2018 12:51:20 Europe/Moscow] PHP Warning:  stripslashes() expects parameter 1 to be string, array given in /home/httpd/vhosts/belteplicy.ru/httpdocs/calculator/mail.php on line 58
[29-Mar-2018 12:51:20 Europe/Moscow] PHP Notice:  Undefined index: name in /home/httpd/vhosts/belteplicy.ru/httpdocs/calculator/leads.php on line 15
[24-Apr-2018 17:10:20 Europe/Moscow] PHP Warning:  stripslashes() expects parameter 1 to be string, array given in /home/httpd/vhosts/belteplicy.ru/httpdocs/calculator/mail.php on line 27
[24-Apr-2018 17:10:20 Europe/Moscow] PHP Warning:  stripslashes() expects parameter 1 to be string, array given in /home/httpd/vhosts/belteplicy.ru/httpdocs/calculator/mail.php on line 50
[24-Apr-2018 17:10:20 Europe/Moscow] PHP Warning:  stripslashes() expects parameter 1 to be string, array given in /home/httpd/vhosts/belteplicy.ru/httpdocs/calculator/mail.php on line 58
[24-Apr-2018 17:10:20 Europe/Moscow] PHP Notice:  Undefined index: name in /home/httpd/vhosts/belteplicy.ru/httpdocs/calculator/leads.php on line 15
[25-Aug-2018 09:31:03 Europe/Moscow] PHP Warning:  stripslashes() expects parameter 1 to be string, array given in /home/httpd/vhosts/belteplicy.ru/httpdocs/calculator/mail.php on line 27
[25-Aug-2018 09:31:03 Europe/Moscow] PHP Notice:  Undefined index: dopolnitelno in /home/httpd/vhosts/belteplicy.ru/httpdocs/calculator/mail.php on line 50
[25-Aug-2018 09:31:03 Europe/Moscow] PHP Warning:  stripslashes() expects parameter 1 to be string, array given in /home/httpd/vhosts/belteplicy.ru/httpdocs/calculator/mail.php on line 58
[25-Aug-2018 09:31:03 Europe/Moscow] PHP Notice:  Undefined index: name in /home/httpd/vhosts/belteplicy.ru/httpdocs/calculator/leads.php on line 15
[05-Oct-2018 13:56:32 Europe/Moscow] PHP Warning:  stripslashes() expects parameter 1 to be string, array given in /home/httpd/vhosts/belteplicy.ru/httpdocs/calculator/mail.php on line 27
[05-Oct-2018 13:56:32 Europe/Moscow] PHP Warning:  stripslashes() expects parameter 1 to be string, array given in /home/httpd/vhosts/belteplicy.ru/httpdocs/calculator/mail.php on line 50
[05-Oct-2018 13:56:32 Europe/Moscow] PHP Warning:  stripslashes() expects parameter 1 to be string, array given in /home/httpd/vhosts/belteplicy.ru/httpdocs/calculator/mail.php on line 58
[05-Oct-2018 13:56:32 Europe/Moscow] PHP Notice:  Undefined index: name in /home/httpd/vhosts/belteplicy.ru/httpdocs/calculator/leads.php on line 15
[24-Apr-2019 15:02:47 Europe/Moscow] PHP Notice:  Undefined index: name in C:\xampp\htdocs\belteplicy.dev\calculator\leads.php on line 15
[24-Apr-2019 15:11:32 Europe/Moscow] PHP Notice:  Undefined index: name in C:\xampp\htdocs\belteplicy.dev\calculator\leads.php on line 15
